<?xml version="1.0" encoding="UTF-8" ?>
<testsuite tests="42" failures="0" name="TestSuite" time="5.137" errors="0" skipped="0">
  <properties>
[...]
</properties>
  <testcase classname="org.jboss.logmanager.FileHandlerPerformanceTests" name="testPerformance" time="4.526"/>
  <testcase classname="org.jboss.logmanager.FilterTests" name="testInvertFilter0" time="0.001"/>
  <testcase classname="org.jboss.logmanager.FilterTests" name="testAllFilter3" time="0.001"/>
  <testcase classname="org.jboss.logmanager.FilterTests" name="testInvertFilter1" time="0"/>
  <testcase classname="org.jboss.logmanager.FilterTests" name="testAllFilter2" time="0"/>
  <testcase classname="org.jboss.logmanager.FilterTests" name="testAllFilter1" time="0.001"/>
  <testcase classname="org.jboss.logmanager.FilterTests" name="testAllFilter0" time="0.001"/>
  <testcase classname="org.jboss.logmanager.FilterTests" name="testSubstituteFilter2" time="0.002"/>
  <testcase classname="org.jboss.logmanager.FilterTests" name="testSubstituteFilter3" time="0.002"/>
  <testcase classname="org.jboss.logmanager.FilterTests" name="testAcceptAllFilter" time="0.001"/>
  <testcase classname="org.jboss.logmanager.FilterTests" name="testSubstituteFilter1" time="0.001"/>
  <testcase classname="org.jboss.logmanager.FilterTests" name="testSubstitueFilter0" time="0"/>
  <testcase classname="org.jboss.logmanager.FilterTests" name="testLevelChangingFilter0" time="0.003"/>
  <testcase classname="org.jboss.logmanager.FilterTests" name="testDenyAllFilter" time="0.001"/>
  <testcase classname="org.jboss.logmanager.FilterTests" name="testAnyFilter0" time="0.001"/>
  <testcase classname="org.jboss.logmanager.FilterTests" name="testAnyFilter1" time="0.001"/>
  <testcase classname="org.jboss.logmanager.FilterTests" name="testAnyFilter2" time="0"/>
  <testcase classname="org.jboss.logmanager.FilterTests" name="testLevelFilter1" time="0.001"/>
  <testcase classname="org.jboss.logmanager.FilterTests" name="testAnyFilter3" time="0.001"/>
  <testcase classname="org.jboss.logmanager.FilterTests" name="testLevelFilter0" time="0"/>
  <testcase classname="org.jboss.logmanager.FilterTests" name="testLevelRangeFilter4" time="0.001"/>
  <testcase classname="org.jboss.logmanager.FilterTests" name="testLevelRangeFilter3" time="0"/>
  <testcase classname="org.jboss.logmanager.FilterTests" name="testRegexFilter0" time="0.002"/>
  <testcase classname="org.jboss.logmanager.FilterTests" name="testRegexFilter1" time="0"/>
  <testcase classname="org.jboss.logmanager.FilterTests" name="testLevelRangeFilter2" time="0"/>
  <testcase classname="org.jboss.logmanager.FilterTests" name="testLevelRangeFilter1" time="0.001"/>
  <testcase classname="org.jboss.logmanager.FilterTests" name="testLevelRangeFilter0" time="0.001"/>
  <testcase classname="org.jboss.logmanager.HandlerTests" name="testWriterHandler" time="0.001"/>
  <testcase classname="org.jboss.logmanager.HandlerTests" name="testNullHandler" time="0.001"/>
  <testcase classname="org.jboss.logmanager.HandlerTests" name="testFileHandler" time="0.001"/>
  <testcase classname="org.jboss.logmanager.HandlerTests" name="testOutputStreamHandler" time="0"/>
  <testcase classname="org.jboss.logmanager.HandlerTests" name="testEnableDisableHandler" time="0"/>
  <testcase classname="org.jboss.logmanager.LoggerTests" name="testHandlerAdd" time="0.001"/>
  <testcase classname="org.jboss.logmanager.LoggerTests" name="testResourceBundle" time="0.003"/>
  <testcase classname="org.jboss.logmanager.LoggerTests" name="testHandlerClear" time="0"/>
  <testcase classname="org.jboss.logmanager.LoggerTests" name="testHandlerAdd2" time="0"/>
  <testcase classname="org.jboss.logmanager.LoggerTests" name="testInstall" time="0.001"/>
  <testcase classname="org.jboss.logmanager.LoggerTests" name="testHandlerRemove2" time="0.001"/>
  <testcase classname="org.jboss.logmanager.LoggerTests" name="testHandlerRun" time="0"/>
  <testcase classname="org.jboss.logmanager.LoggerTests" name="testHandlerRemove" time="0"/>
  <testcase classname="org.jboss.logmanager.ProtectTests" name="testHandlerLock" time="0.002"/>
  <testcase classname="org.jboss.logmanager.ProtectTests" name="testLogContextLock" time="0.001"/>
</testsuite>